{"level":"info","message":"Server berjalan di http://localhost:3000","timestamp":"2024-09-26T09:23:01.024Z"}
{"level":"info","message":"Server berjalan di http://localhost:3000","timestamp":"2024-09-26T09:50:50.361Z"}
{"level":"info","message":"create user","password":"password","roleId":1,"timestamp":"2024-09-26T09:50:52.518Z","username":"user2"}
{"level":"info","message":"Server berjalan di http://localhost:3000","timestamp":"2024-09-26T09:53:07.481Z"}
{"level":"info","message":"create user","password":"password","roleId":1,"timestamp":"2024-09-26T09:53:08.193Z","username":"user2"}
{"level":"info","message":"create user","password":"password","roleId":1,"timestamp":"2024-09-26T09:53:29.106Z","username":"user2"}
{"level":"info","message":"Server berjalan di http://localhost:3000","timestamp":"2024-09-26T09:54:12.400Z"}
{"level":"info","message":"create user","password":"password","roleId":1,"timestamp":"2024-09-26T09:54:14.280Z","username":"user2"}
{"level":"info","message":"create user","password":"password","roleId":1,"timestamp":"2024-09-26T09:54:33.935Z","username":"user4"}
{"level":"info","message":{"createdAt":"2024-09-26T09:54:33.940Z","id":19,"is_deleted":false,"password":"password","roleId":1,"username":"user4"},"timestamp":"2024-09-26T09:54:33.945Z"}
{"level":"info","message":"create user","password":"password","roleId":1,"timestamp":"2024-09-26T09:55:49.802Z","username":"user4"}
{"level":"info","message":"Server berjalan di http://localhost:3000","timestamp":"2024-09-26T09:57:39.411Z"}
{"level":"info","message":"create user","password":"password","roleId":1,"timestamp":"2024-09-26T09:57:42.156Z","username":"user4"}
{"level":"info","message":"==========PrismaClientKnownRequestError: \nInvalid `this.prisma.user.create()` invocation in\nC:\\my-project\\typescript\\ts-store\\src\\use_case\\user_usecase.ts:15:51\n\n  12 logger.info(\"create user\", user);\n  13 const { username, password, roleId } = user;\n  14 try {\n→ 15   const newUser =  await this.prisma.user.create(\nUnique constraint failed on the fields: (`username`)","timestamp":"2024-09-26T09:57:42.234Z"}
{"level":"info","message":"create user","password":"password","roleId":1,"timestamp":"2024-09-26T09:59:20.834Z","username":"user4"}
{"level":"info","message":"==========PrismaClientKnownRequestError: \nInvalid `this.prisma.user.create()` invocation in\nC:\\my-project\\typescript\\ts-store\\src\\use_case\\user_usecase.ts:15:51\n\n  12 logger.info(\"create user\", user);\n  13 const { username, password, roleId } = user;\n  14 try {\n→ 15   const newUser =  await this.prisma.user.create(\nUnique constraint failed on the fields: (`username`)","timestamp":"2024-09-26T09:59:20.844Z"}
{"level":"info","message":"Server berjalan di http://localhost:3000","timestamp":"2024-09-26T10:00:17.522Z"}
{"level":"info","message":"create user","password":"password","roleId":1,"timestamp":"2024-09-26T10:00:20.020Z","username":"user4"}
{"level":"info","message":"==========PrismaClientKnownRequestError: \nInvalid `this.prisma.user.create()` invocation in\nC:\\my-project\\typescript\\ts-store\\src\\use_case\\user_usecase.ts:15:51\n\n  12 logger.info(\"create user\", user);\n  13 const { username, password, roleId } = user;\n  14 try {\n→ 15   const newUser =  await this.prisma.user.create(\nUnique constraint failed on the fields: (`username`)","timestamp":"2024-09-26T10:00:20.083Z"}
{"level":"info","message":"+++++++++ PrismaClientKnownRequestError: \nInvalid `this.prisma.user.create()` invocation in\nC:\\my-project\\typescript\\ts-store\\src\\use_case\\user_usecase.ts:15:51\n\n  12 logger.info(\"create user\", user);\n  13 const { username, password, roleId } = user;\n  14 try {\n→ 15   const newUser =  await this.prisma.user.create(\nUnique constraint failed on the fields: (`username`)Cannot create user","stack":"Error: PrismaClientKnownRequestError: \nInvalid `this.prisma.user.create()` invocation in\nC:\\my-project\\typescript\\ts-store\\src\\use_case\\user_usecase.ts:15:51\n\n  12 logger.info(\"create user\", user);\n  13 const { username, password, roleId } = user;\n  14 try {\n→ 15   const newUser =  await this.prisma.user.create(\nUnique constraint failed on the fields: (`username`)Cannot create user\n    at UserUsecase.<anonymous> (C:\\my-project\\typescript\\ts-store\\src\\use_case\\user_usecase.ts:21:18)\n    at Generator.throw (<anonymous>)\n    at rejected (C:\\my-project\\typescript\\ts-store\\src\\use_case\\user_usecase.ts:6:65)","timestamp":"2024-09-26T10:00:20.084Z"}
{"level":"info","message":"Server berjalan di http://localhost:3000","timestamp":"2024-09-26T10:01:45.868Z"}
{"level":"info","message":"create user","password":"password","roleId":1,"timestamp":"2024-09-26T10:01:49.633Z","username":"user4"}
{"level":"info","message":"==========PrismaClientKnownRequestError: \nInvalid `this.prisma.user.create()` invocation in\nC:\\my-project\\typescript\\ts-store\\src\\use_case\\user_usecase.ts:15:51\n\n  12 logger.info(\"create user\", user);\n  13 const { username, password, roleId } = user;\n  14 try {\n→ 15   const newUser =  await this.prisma.user.create(\nUnique constraint failed on the fields: (`username`)","timestamp":"2024-09-26T10:01:49.696Z"}
{"level":"info","message":"+++++++++ PrismaClientKnownRequestError: \nInvalid `this.prisma.user.create()` invocation in\nC:\\my-project\\typescript\\ts-store\\src\\use_case\\user_usecase.ts:15:51\n\n  12 logger.info(\"create user\", user);\n  13 const { username, password, roleId } = user;\n  14 try {\n→ 15   const newUser =  await this.prisma.user.create(\nUnique constraint failed on the fields: (`username`)Cannot create user","stack":"Error: PrismaClientKnownRequestError: \nInvalid `this.prisma.user.create()` invocation in\nC:\\my-project\\typescript\\ts-store\\src\\use_case\\user_usecase.ts:15:51\n\n  12 logger.info(\"create user\", user);\n  13 const { username, password, roleId } = user;\n  14 try {\n→ 15   const newUser =  await this.prisma.user.create(\nUnique constraint failed on the fields: (`username`)Cannot create user\n    at UserUsecase.<anonymous> (C:\\my-project\\typescript\\ts-store\\src\\use_case\\user_usecase.ts:21:18)\n    at Generator.throw (<anonymous>)\n    at rejected (C:\\my-project\\typescript\\ts-store\\src\\use_case\\user_usecase.ts:6:65)","timestamp":"2024-09-26T10:01:49.697Z"}
{"level":"info","message":"Server berjalan di http://localhost:3000","timestamp":"2024-09-26T10:02:27.305Z"}
{"level":"info","message":"create user","password":"password","roleId":1,"timestamp":"2024-09-26T10:02:32.180Z","username":"user4"}
{"level":"info","message":"==========PrismaClientKnownRequestError: \nInvalid `this.prisma.user.create()` invocation in\nC:\\my-project\\typescript\\ts-store\\src\\use_case\\user_usecase.ts:15:51\n\n  12 logger.info(\"create user\", user);\n  13 const { username, password, roleId } = user;\n  14 try {\n→ 15   const newUser =  await this.prisma.user.create(\nUnique constraint failed on the fields: (`username`)","timestamp":"2024-09-26T10:02:32.252Z"}
{"level":"info","message":"+++++++++ PrismaClientKnownRequestError: \nInvalid `this.prisma.user.create()` invocation in\nC:\\my-project\\typescript\\ts-store\\src\\use_case\\user_usecase.ts:15:51\n\n  12 logger.info(\"create user\", user);\n  13 const { username, password, roleId } = user;\n  14 try {\n→ 15   const newUser =  await this.prisma.user.create(\nUnique constraint failed on the fields: (`username`)Cannot create user","stack":"Error: PrismaClientKnownRequestError: \nInvalid `this.prisma.user.create()` invocation in\nC:\\my-project\\typescript\\ts-store\\src\\use_case\\user_usecase.ts:15:51\n\n  12 logger.info(\"create user\", user);\n  13 const { username, password, roleId } = user;\n  14 try {\n→ 15   const newUser =  await this.prisma.user.create(\nUnique constraint failed on the fields: (`username`)Cannot create user\n    at UserUsecase.<anonymous> (C:\\my-project\\typescript\\ts-store\\src\\use_case\\user_usecase.ts:21:18)\n    at Generator.throw (<anonymous>)\n    at rejected (C:\\my-project\\typescript\\ts-store\\src\\use_case\\user_usecase.ts:6:65)","timestamp":"2024-09-26T10:02:32.253Z"}
{"level":"info","message":"Server berjalan di http://localhost:3000","timestamp":"2024-09-26T10:12:21.515Z"}
{"level":"info","message":"create user","password":"password","roleId":1,"timestamp":"2024-09-26T10:12:23.422Z","username":"user4"}
{"level":"info","message":"create user","password":"password","roleId":1,"timestamp":"2024-09-26T10:12:25.915Z","username":"user4"}
{"level":"info","message":"Server berjalan di http://localhost:3000","timestamp":"2024-09-26T10:12:51.559Z"}
{"level":"info","message":"create user","password":"password","roleId":1,"timestamp":"2024-09-26T10:12:52.030Z","username":"user4"}
{"level":"info","message":"Server berjalan di http://localhost:3000","timestamp":"2024-09-26T10:13:26.842Z"}
{"level":"info","message":"create user","password":"password","roleId":1,"timestamp":"2024-09-26T10:13:28.356Z","username":"user4"}
{"level":"info","message":"Server berjalan di http://localhost:3000","timestamp":"2024-09-26T10:14:44.582Z"}
{"level":"info","message":"create user","password":"password","roleId":1,"timestamp":"2024-09-26T10:14:46.364Z","username":"user4"}
{"level":"info","message":"Server berjalan di http://localhost:3000","timestamp":"2024-09-26T10:16:13.602Z"}
{"level":"info","message":"create user","password":"password","roleId":1,"timestamp":"2024-09-26T10:16:16.174Z","username":"user4"}
{"level":"info","message":"create user","password":"password","roleId":1,"timestamp":"2024-09-26T10:16:29.050Z","username":"use4"}
{"level":"info","message":"create user","password":"password","roleId":1,"timestamp":"2024-09-26T10:16:50.361Z","username":"use4"}
{"level":"info","message":"Server berjalan di http://localhost:3000","timestamp":"2024-09-26T10:17:20.840Z"}
{"level":"info","message":"create user","password":"password","roleId":1,"timestamp":"2024-09-26T10:17:21.916Z","username":"use4"}
{"level":"info","message":"Server berjalan di http://localhost:3000","timestamp":"2024-09-26T10:17:57.046Z"}
{"level":"info","message":"create user","password":"password","roleId":1,"timestamp":"2024-09-26T10:17:59.296Z","username":"use4"}
